<?xml version="1.0" encoding="UTF-8"?>
<robot generator="Robot 3.2.2 (Python 3.8.5 on win32)" generated="20200919 19:28:07.961" rpa="false">
<suite id="s1" name="Project" source="C:\Users\ruagarwal\Desktop\Robot Framework\Eclipse Workspace\Project">
<suite id="s1-s1" name="Test" source="C:\Users\ruagarwal\Desktop\Robot Framework\Eclipse Workspace\Project\Test.robot">
<test id="s1-s1-t1" name="FirstTest">
<kw name="Log" library="BuiltIn">
<doc>Logs the given message with the given level.</doc>
<arguments>
<arg>Automation Testing</arg>
</arguments>
<msg timestamp="20200919 19:28:08.343" level="INFO">Automation Testing</msg>
<status status="PASS" starttime="20200919 19:28:08.342" endtime="20200919 19:28:08.344"></status>
</kw>
<status status="PASS" starttime="20200919 19:28:08.340" endtime="20200919 19:28:08.344" critical="yes"></status>
</test>
<test id="s1-s1-t2" name="SecondTest">
<kw name="Log" library="BuiltIn">
<doc>Logs the given message with the given level.</doc>
<arguments>
<arg>Selenium Tool</arg>
</arguments>
<msg timestamp="20200919 19:28:08.346" level="INFO">Selenium Tool</msg>
<status status="PASS" starttime="20200919 19:28:08.346" endtime="20200919 19:28:08.347"></status>
</kw>
<status status="PASS" starttime="20200919 19:28:08.345" endtime="20200919 19:28:08.347" critical="yes"></status>
</test>
<test id="s1-s1-t3" name="ThirdTest">
<kw name="Log" library="BuiltIn">
<doc>Logs the given message with the given level.</doc>
<arguments>
<arg>Robot Framework</arg>
</arguments>
<msg timestamp="20200919 19:28:08.350" level="INFO">Robot Framework</msg>
<status status="PASS" starttime="20200919 19:28:08.350" endtime="20200919 19:28:08.350"></status>
</kw>
<status status="PASS" starttime="20200919 19:28:08.348" endtime="20200919 19:28:08.351" critical="yes"></status>
</test>
<status status="PASS" starttime="20200919 19:28:08.332" endtime="20200919 19:28:08.352"></status>
</suite>
<status status="PASS" starttime="20200919 19:28:08.247" endtime="20200919 19:28:08.356"></status>
</suite>
<statistics>
<total>
<stat pass="3" fail="0">Critical Tests</stat>
<stat pass="3" fail="0">All Tests</stat>
</total>
<tag>
</tag>
<suite>
<stat pass="3" fail="0" id="s1" name="Project">Project</stat>
<stat pass="3" fail="0" id="s1-s1" name="Test">Project.Test</stat>
</suite>
</statistics>
<errors>
</errors>
</robot>
